<?xml version="1.0" encoding="UTF-8"?>
<coverage generated="1674258073143" clover="3.2.0">
  <project timestamp="1674258073143" name="All files">
    <metrics statements="30" coveredstatements="30" conditionals="14" coveredconditionals="13" methods="5" coveredmethods="5" elements="49" coveredelements="48" complexity="0" loc="30" ncloc="30" packages="1" files="3" classes="3"/>
    <file name="exercicio01.js" path="/home/lucopdev/Trybe/Trybe-exercicios/01-fundamentos/secao-06-introducao-a-javascript-es6-testes-unitarios/dia-02-primeiros-passos-em-jest/projeto-teste/exercicio01.js">
      <metrics statements="6" coveredstatements="6" conditionals="2" coveredconditionals="2" methods="1" coveredmethods="1"/>
      <line num="2" count="3" type="stmt"/>
      <line num="3" count="3" type="stmt"/>
      <line num="4" count="12" type="cond" truecount="2" falsecount="0"/>
      <line num="5" count="10" type="stmt"/>
      <line num="9" count="3" type="stmt"/>
      <line num="12" count="1" type="stmt"/>
    </file>
    <file name="exercicio02.js" path="/home/lucopdev/Trybe/Trybe-exercicios/01-fundamentos/secao-06-introducao-a-javascript-es6-testes-unitarios/dia-02-primeiros-passos-em-jest/projeto-teste/exercicio02.js">
      <metrics statements="6" coveredstatements="6" conditionals="10" coveredconditionals="9" methods="1" coveredmethods="1"/>
      <line num="2" count="4" type="cond" truecount="1" falsecount="1"/>
      <line num="3" count="4" type="cond" truecount="4" falsecount="0"/>
      <line num="4" count="3" type="cond" truecount="2" falsecount="0"/>
      <line num="5" count="2" type="cond" truecount="2" falsecount="0"/>
      <line num="6" count="1" type="stmt"/>
      <line num="11" count="1" type="stmt"/>
    </file>
    <file name="exercicio03.js" path="/home/lucopdev/Trybe/Trybe-exercicios/01-fundamentos/secao-06-introducao-a-javascript-es6-testes-unitarios/dia-02-primeiros-passos-em-jest/projeto-teste/exercicio03.js">
      <metrics statements="18" coveredstatements="18" conditionals="2" coveredconditionals="2" methods="3" coveredmethods="3"/>
      <line num="1" count="1" type="stmt"/>
      <line num="2" count="6" type="stmt"/>
      <line num="3" count="6" type="stmt"/>
      <line num="4" count="6" type="stmt"/>
      <line num="5" count="46" type="stmt"/>
      <line num="6" count="46" type="stmt"/>
      <line num="8" count="46" type="cond" truecount="2" falsecount="0"/>
      <line num="9" count="22" type="stmt"/>
      <line num="11" count="24" type="stmt"/>
      <line num="14" count="6" type="stmt"/>
      <line num="16" count="1" type="stmt"/>
      <line num="17" count="3" type="stmt"/>
      <line num="24" count="3" type="stmt"/>
      <line num="26" count="1" type="stmt"/>
      <line num="27" count="3" type="stmt"/>
      <line num="34" count="3" type="stmt"/>
      <line num="37" count="1" type="stmt"/>
      <line num="38" count="1" type="stmt"/>
    </file>
  </project>
</coverage>
