{"/home/lucopdev/Trybe/Trybe-exercicios/01-fundamentos/secao-06-introducao-a-javascript-es6-testes-unitarios/dia-02-primeiros-passos-em-jest/projeto-teste/exercicio01.js": {"path":"/home/lucopdev/Trybe/Trybe-exercicios/01-fundamentos/secao-06-introducao-a-javascript-es6-testes-unitarios/dia-02-primeiros-passos-em-jest/projeto-teste/exercicio01.js","statementMap":{"0":{"start":{"line":2,"column":15},"end":{"line":2,"column":17}},"1":{"start":{"line":3,"column":2},"end":{"line":7,"column":3}},"2":{"start":{"line":3,"column":19},"end":{"line":3,"column":20}},"3":{"start":{"line":4,"column":4},"end":{"line":6,"column":5}},"4":{"start":{"line":5,"column":6},"end":{"line":5,"column":30}},"5":{"start":{"line":9,"column":2},"end":{"line":9,"column":16}},"6":{"start":{"line":12,"column":0},"end":{"line":12,"column":26}}},"fnMap":{"0":{"name":"myRemove","decl":{"start":{"line":1,"column":9},"end":{"line":1,"column":17}},"loc":{"start":{"line":1,"column":29},"end":{"line":10,"column":1}},"line":1}},"branchMap":{"0":{"loc":{"start":{"line":4,"column":4},"end":{"line":6,"column":5}},"type":"if","locations":[{"start":{"line":4,"column":4},"end":{"line":6,"column":5}},{"start":{},"end":{}}],"line":4}},"s":{"0":3,"1":3,"2":3,"3":12,"4":10,"5":3,"6":1},"f":{"0":3},"b":{"0":[10,2]},"_coverageSchema":"1a1c01bbd47fc00a2c39e90264f33305004495a9","hash":"bc3dde99c2613f758ba7dd3ee0bf5d6293e57878"}
,"/home/lucopdev/Trybe/Trybe-exercicios/01-fundamentos/secao-06-introducao-a-javascript-es6-testes-unitarios/dia-02-primeiros-passos-em-jest/projeto-teste/exercicio02.js": {"path":"/home/lucopdev/Trybe/Trybe-exercicios/01-fundamentos/secao-06-introducao-a-javascript-es6-testes-unitarios/dia-02-primeiros-passos-em-jest/projeto-teste/exercicio02.js","statementMap":{"0":{"start":{"line":2,"column":2},"end":{"line":2,"column":44}},"1":{"start":{"line":2,"column":31},"end":{"line":2,"column":44}},"2":{"start":{"line":3,"column":2},"end":{"line":3,"column":56}},"3":{"start":{"line":3,"column":38},"end":{"line":3,"column":56}},"4":{"start":{"line":4,"column":2},"end":{"line":4,"column":35}},"5":{"start":{"line":4,"column":21},"end":{"line":4,"column":35}},"6":{"start":{"line":5,"column":2},"end":{"line":5,"column":35}},"7":{"start":{"line":5,"column":21},"end":{"line":5,"column":35}},"8":{"start":{"line":6,"column":2},"end":{"line":6,"column":13}},"9":{"start":{"line":11,"column":0},"end":{"line":11,"column":28}}},"fnMap":{"0":{"name":"myFizzBuzz","decl":{"start":{"line":1,"column":9},"end":{"line":1,"column":19}},"loc":{"start":{"line":1,"column":25},"end":{"line":7,"column":1}},"line":1}},"branchMap":{"0":{"loc":{"start":{"line":2,"column":2},"end":{"line":2,"column":44}},"type":"if","locations":[{"start":{"line":2,"column":2},"end":{"line":2,"column":44}},{"start":{},"end":{}}],"line":2},"1":{"loc":{"start":{"line":3,"column":2},"end":{"line":3,"column":56}},"type":"if","locations":[{"start":{"line":3,"column":2},"end":{"line":3,"column":56}},{"start":{},"end":{}}],"line":3},"2":{"loc":{"start":{"line":3,"column":6},"end":{"line":3,"column":36}},"type":"binary-expr","locations":[{"start":{"line":3,"column":6},"end":{"line":3,"column":19}},{"start":{"line":3,"column":23},"end":{"line":3,"column":36}}],"line":3},"3":{"loc":{"start":{"line":4,"column":2},"end":{"line":4,"column":35}},"type":"if","locations":[{"start":{"line":4,"column":2},"end":{"line":4,"column":35}},{"start":{},"end":{}}],"line":4},"4":{"loc":{"start":{"line":5,"column":2},"end":{"line":5,"column":35}},"type":"if","locations":[{"start":{"line":5,"column":2},"end":{"line":5,"column":35}},{"start":{},"end":{}}],"line":5}},"s":{"0":4,"1":0,"2":4,"3":1,"4":3,"5":1,"6":2,"7":1,"8":1,"9":1},"f":{"0":4},"b":{"0":[0,4],"1":[1,3],"2":[4,2],"3":[1,2],"4":[1,1]},"_coverageSchema":"1a1c01bbd47fc00a2c39e90264f33305004495a9","hash":"c9a040387ff19e3334d2a86c70de83b205191406"}
,"/home/lucopdev/Trybe/Trybe-exercicios/01-fundamentos/secao-06-introducao-a-javascript-es6-testes-unitarios/dia-02-primeiros-passos-em-jest/projeto-teste/exercicio03.js": {"path":"/home/lucopdev/Trybe/Trybe-exercicios/01-fundamentos/secao-06-introducao-a-javascript-es6-testes-unitarios/dia-02-primeiros-passos-em-jest/projeto-teste/exercicio03.js","statementMap":{"0":{"start":{"line":1,"column":18},"end":{"line":15,"column":1}},"1":{"start":{"line":2,"column":22},"end":{"line":2,"column":38}},"2":{"start":{"line":3,"column":22},"end":{"line":3,"column":24}},"3":{"start":{"line":4,"column":2},"end":{"line":13,"column":3}},"4":{"start":{"line":4,"column":19},"end":{"line":4,"column":20}},"5":{"start":{"line":5,"column":22},"end":{"line":5,"column":40}},"6":{"start":{"line":6,"column":24},"end":{"line":6,"column":44}},"7":{"start":{"line":8,"column":4},"end":{"line":12,"column":5}},"8":{"start":{"line":9,"column":6},"end":{"line":9,"column":36}},"9":{"start":{"line":11,"column":6},"end":{"line":11,"column":34}},"10":{"start":{"line":14,"column":2},"end":{"line":14,"column":30}},"11":{"start":{"line":16,"column":15},"end":{"line":25,"column":1}},"12":{"start":{"line":17,"column":14},"end":{"line":23,"column":3}},"13":{"start":{"line":24,"column":2},"end":{"line":24,"column":32}},"14":{"start":{"line":26,"column":15},"end":{"line":35,"column":1}},"15":{"start":{"line":27,"column":14},"end":{"line":33,"column":3}},"16":{"start":{"line":34,"column":2},"end":{"line":34,"column":32}},"17":{"start":{"line":37,"column":18},"end":{"line":37,"column":36}},"18":{"start":{"line":38,"column":0},"end":{"line":38,"column":27}}},"fnMap":{"0":{"name":"(anonymous_0)","decl":{"start":{"line":1,"column":18},"end":{"line":1,"column":19}},"loc":{"start":{"line":1,"column":41},"end":{"line":15,"column":1}},"line":1},"1":{"name":"(anonymous_1)","decl":{"start":{"line":16,"column":15},"end":{"line":16,"column":16}},"loc":{"start":{"line":16,"column":27},"end":{"line":25,"column":1}},"line":16},"2":{"name":"(anonymous_2)","decl":{"start":{"line":26,"column":15},"end":{"line":26,"column":16}},"loc":{"start":{"line":26,"column":27},"end":{"line":35,"column":1}},"line":26}},"branchMap":{"0":{"loc":{"start":{"line":8,"column":4},"end":{"line":12,"column":5}},"type":"if","locations":[{"start":{"line":8,"column":4},"end":{"line":12,"column":5}},{"start":{"line":10,"column":11},"end":{"line":12,"column":5}}],"line":8}},"s":{"0":1,"1":6,"2":6,"3":6,"4":6,"5":46,"6":46,"7":46,"8":22,"9":24,"10":6,"11":1,"12":3,"13":3,"14":1,"15":3,"16":3,"17":1,"18":1},"f":{"0":6,"1":3,"2":3},"b":{"0":[22,24]},"_coverageSchema":"1a1c01bbd47fc00a2c39e90264f33305004495a9","hash":"3c48d19d6c457249c39e9e8b9f2009d532a7e955"}
}
