TN:
SF:exercicio01.js
FN:1,myRemove
FNF:1
FNH:1
FNDA:3,myRemove
DA:2,3
DA:3,3
DA:4,12
DA:5,10
DA:9,3
DA:12,1
LF:6
LH:6
BRDA:4,0,0,10
BRDA:4,0,1,2
BRF:2
BRH:2
end_of_record
TN:
SF:exercicio02.js
FN:1,myFizzBuzz
FNF:1
FNH:1
FNDA:4,myFizzBuzz
DA:2,4
DA:3,4
DA:4,3
DA:5,2
DA:6,1
DA:11,1
LF:6
LH:6
BRDA:2,0,0,0
BRDA:2,0,1,4
BRDA:3,1,0,1
BRDA:3,1,1,3
BRDA:3,2,0,4
BRDA:3,2,1,2
BRDA:4,3,0,1
BRDA:4,3,1,2
BRDA:5,4,0,1
BRDA:5,4,1,1
BRF:10
BRH:9
end_of_record
TN:
SF:exercicio03.js
FN:1,(anonymous_0)
FN:16,(anonymous_1)
FN:26,(anonymous_2)
FNF:3
FNH:3
FNDA:6,(anonymous_0)
FNDA:3,(anonymous_1)
FNDA:3,(anonymous_2)
DA:1,1
DA:2,6
DA:3,6
DA:4,6
DA:5,46
DA:6,46
DA:8,46
DA:9,22
DA:11,24
DA:14,6
DA:16,1
DA:17,3
DA:24,3
DA:26,1
DA:27,3
DA:34,3
DA:37,1
DA:38,1
LF:18
LH:18
BRDA:8,0,0,22
BRDA:8,0,1,24
BRF:2
BRH:2
end_of_record
