{"/home/lucopdev/Trybe/Trybe-exercicios/01-fundamentos/secao-06-introducao-a-javascript-es6-testes-unitarios/dia-03-matchers-e-cobertura-de-codigo/projeto-teste2/exercicio-bonus.js": {"path":"/home/lucopdev/Trybe/Trybe-exercicios/01-fundamentos/secao-06-introducao-a-javascript-es6-testes-unitarios/dia-03-matchers-e-cobertura-de-codigo/projeto-teste2/exercicio-bonus.js","statementMap":{"0":{"start":{"line":2,"column":26},"end":{"line":39,"column":1}},"1":{"start":{"line":41,"column":23},"end":{"line":58,"column":1}},"2":{"start":{"line":43,"column":24},"end":{"line":43,"column":26}},"3":{"start":{"line":44,"column":2},"end":{"line":48,"column":3}},"4":{"start":{"line":44,"column":18},"end":{"line":44,"column":19}},"5":{"start":{"line":45,"column":4},"end":{"line":47,"column":5}},"6":{"start":{"line":46,"column":6},"end":{"line":46,"column":50}},"7":{"start":{"line":50,"column":2},"end":{"line":52,"column":3}},"8":{"start":{"line":51,"column":4},"end":{"line":51,"column":43}},"9":{"start":{"line":53,"column":2},"end":{"line":55,"column":3}},"10":{"start":{"line":54,"column":4},"end":{"line":54,"column":49}},"11":{"start":{"line":57,"column":2},"end":{"line":57,"column":39}},"12":{"start":{"line":60,"column":0},"end":{"line":60,"column":52}},"13":{"start":{"line":62,"column":0},"end":{"line":62,"column":55}}},"fnMap":{"0":{"name":"(anonymous_0)","decl":{"start":{"line":41,"column":23},"end":{"line":41,"column":24}},"loc":{"start":{"line":41,"column":39},"end":{"line":58,"column":1}},"line":41}},"branchMap":{"0":{"loc":{"start":{"line":45,"column":4},"end":{"line":47,"column":5}},"type":"if","locations":[{"start":{"line":45,"column":4},"end":{"line":47,"column":5}},{"start":{},"end":{}}],"line":45},"1":{"loc":{"start":{"line":50,"column":2},"end":{"line":52,"column":3}},"type":"if","locations":[{"start":{"line":50,"column":2},"end":{"line":52,"column":3}},{"start":{},"end":{}}],"line":50},"2":{"loc":{"start":{"line":53,"column":2},"end":{"line":55,"column":3}},"type":"if","locations":[{"start":{"line":53,"column":2},"end":{"line":55,"column":3}},{"start":{},"end":{}}],"line":53}},"s":{"0":1,"1":1,"2":3,"3":3,"4":3,"5":18,"6":2,"7":3,"8":1,"9":2,"10":1,"11":1,"12":1,"13":1},"f":{"0":3},"b":{"0":[2,16],"1":[1,2],"2":[1,1]},"_coverageSchema":"1a1c01bbd47fc00a2c39e90264f33305004495a9","hash":"625a6287d9ead71642ddf76af8680a4a4a4a5bb3"}
}
